Analysis & Synthesis report for RTC
Thu Nov 05 15:50:47 2020
Quartus Prime Version 20.1.0 Build 711 06/05/2020 SJ Lite Edition


---------------------
; Table of Contents ;
---------------------
  1. Legal Notice
  2. Analysis & Synthesis Summary
  3. Analysis & Synthesis Settings
  4. Parallel Compilation
  5. Analysis & Synthesis Source Files Read
  6. Analysis & Synthesis Resource Usage Summary
  7. Analysis & Synthesis Resource Utilization by Entity
  8. General Register Statistics
  9. Parameter Settings for User Entity Instance: Counter:C0
 10. Parameter Settings for User Entity Instance: Counter:C3
 11. Parameter Settings for User Entity Instance: Counter:C4
 12. Parameter Settings for User Entity Instance: Counter:C5
 13. Parameter Settings for Inferred Entity Instance: Dseg:D1|lpm_divide:Div0
 14. Parameter Settings for Inferred Entity Instance: Dseg:D1|lpm_divide:Mod0
 15. Parameter Settings for Inferred Entity Instance: Dseg2:D2|lpm_divide:Div0
 16. Parameter Settings for Inferred Entity Instance: Dseg2:D2|lpm_divide:Mod0
 17. Port Connectivity Checks: "Counter:C5"
 18. Post-Synthesis Netlist Statistics for Top Partition
 19. Elapsed Time Per Partition
 20. Analysis & Synthesis Messages



----------------
; Legal Notice ;
----------------
Copyright (C) 2020  Intel Corporation. All rights reserved.
Your use of Intel Corporation's design tools, logic functions 
and other software and tools, and any partner logic 
functions, and any output files from any of the foregoing 
(including device programming or simulation files), and any 
associated documentation or information are expressly subject 
to the terms and conditions of the Intel Program License 
Subscription Agreement, the Intel Quartus Prime License Agreement,
the Intel FPGA IP License Agreement, or other applicable license
agreement, including, without limitation, that your use is for
the sole purpose of programming logic devices manufactured by
Intel and sold by Intel or its authorized distributors.  Please
refer to the applicable agreement for further details, at
https://fpgasoftware.intel.com/eula.



+----------------------------------------------------------------------------------+
; Analysis & Synthesis Summary                                                     ;
+------------------------------------+---------------------------------------------+
; Analysis & Synthesis Status        ; Successful - Thu Nov 05 15:50:47 2020       ;
; Quartus Prime Version              ; 20.1.0 Build 711 06/05/2020 SJ Lite Edition ;
; Revision Name                      ; RTC                                         ;
; Top-level Entity Name              ; RTC                                         ;
; Family                             ; MAX 10                                      ;
; Total logic elements               ; 301                                         ;
;     Total combinational functions  ; 301                                         ;
;     Dedicated logic registers      ; 40                                          ;
; Total registers                    ; 40                                          ;
; Total pins                         ; 43                                          ;
; Total virtual pins                 ; 0                                           ;
; Total memory bits                  ; 0                                           ;
; Embedded Multiplier 9-bit elements ; 0                                           ;
; Total PLLs                         ; 0                                           ;
; UFM blocks                         ; 0                                           ;
; ADC blocks                         ; 0                                           ;
+------------------------------------+---------------------------------------------+


+------------------------------------------------------------------------------------------------------------+
; Analysis & Synthesis Settings                                                                              ;
+------------------------------------------------------------------+--------------------+--------------------+
; Option                                                           ; Setting            ; Default Value      ;
+------------------------------------------------------------------+--------------------+--------------------+
; Device                                                           ; 10M50DCF484C7G     ;                    ;
; Top-level entity name                                            ; RTC                ; RTC                ;
; Family name                                                      ; MAX 10             ; Cyclone V          ;
; Use smart compilation                                            ; Off                ; Off                ;
; Enable parallel Assembler and Timing Analyzer during compilation ; On                 ; On                 ;
; Enable compact report table                                      ; Off                ; Off                ;
; Restructure Multiplexers                                         ; Auto               ; Auto               ;
; Create Debugging Nodes for IP Cores                              ; Off                ; Off                ;
; Preserve fewer node names                                        ; On                 ; On                 ;
; Intel FPGA IP Evaluation Mode                                    ; Enable             ; Enable             ;
; Verilog Version                                                  ; Verilog_2001       ; Verilog_2001       ;
; VHDL Version                                                     ; VHDL_1993          ; VHDL_1993          ;
; State Machine Processing                                         ; Auto               ; Auto               ;
; Safe State Machine                                               ; Off                ; Off                ;
; Extract Verilog State Machines                                   ; On                 ; On                 ;
; Extract VHDL State Machines                                      ; On                 ; On                 ;
; Ignore Verilog initial constructs                                ; Off                ; Off                ;
; Iteration limit for constant Verilog loops                       ; 5000               ; 5000               ;
; Iteration limit for non-constant Verilog loops                   ; 250                ; 250                ;
; Add Pass-Through Logic to Inferred RAMs                          ; On                 ; On                 ;
; Infer RAMs from Raw Logic                                        ; On                 ; On                 ;
; Parallel Synthesis                                               ; On                 ; On                 ;
; DSP Block Balancing                                              ; Auto               ; Auto               ;
; NOT Gate Push-Back                                               ; On                 ; On                 ;
; Power-Up Don't Care                                              ; On                 ; On                 ;
; Remove Redundant Logic Cells                                     ; Off                ; Off                ;
; Remove Duplicate Registers                                       ; On                 ; On                 ;
; Ignore CARRY Buffers                                             ; Off                ; Off                ;
; Ignore CASCADE Buffers                                           ; Off                ; Off                ;
; Ignore GLOBAL Buffers                                            ; Off                ; Off                ;
; Ignore ROW GLOBAL Buffers                                        ; Off                ; Off                ;
; Ignore LCELL Buffers                                             ; Off                ; Off                ;
; Ignore SOFT Buffers                                              ; On                 ; On                 ;
; Limit AHDL Integers to 32 Bits                                   ; Off                ; Off                ;
; Optimization Technique                                           ; Balanced           ; Balanced           ;
; Carry Chain Length                                               ; 70                 ; 70                 ;
; Auto Carry Chains                                                ; On                 ; On                 ;
; Auto Open-Drain Pins                                             ; On                 ; On                 ;
; Perform WYSIWYG Primitive Resynthesis                            ; Off                ; Off                ;
; Auto ROM Replacement                                             ; On                 ; On                 ;
; Auto RAM Replacement                                             ; On                 ; On                 ;
; Auto DSP Block Replacement                                       ; On                 ; On                 ;
; Auto Shift Register Replacement                                  ; Auto               ; Auto               ;
; Allow Shift Register Merging across Hierarchies                  ; Auto               ; Auto               ;
; Auto Clock Enable Replacement                                    ; On                 ; On                 ;
; Strict RAM Replacement                                           ; Off                ; Off                ;
; Allow Synchronous Control Signals                                ; On                 ; On                 ;
; Force Use of Synchronous Clear Signals                           ; Off                ; Off                ;
; Auto RAM Block Balancing                                         ; On                 ; On                 ;
; Auto RAM to Logic Cell Conversion                                ; Off                ; Off                ;
; Auto Resource Sharing                                            ; Off                ; Off                ;
; Allow Any RAM Size For Recognition                               ; Off                ; Off                ;
; Allow Any ROM Size For Recognition                               ; Off                ; Off                ;
; Allow Any Shift Register Size For Recognition                    ; Off                ; Off                ;
; Use LogicLock Constraints during Resource Balancing              ; On                 ; On                 ;
; Ignore translate_off and synthesis_off directives                ; Off                ; Off                ;
; Timing-Driven Synthesis                                          ; On                 ; On                 ;
; Report Parameter Settings                                        ; On                 ; On                 ;
; Report Source Assignments                                        ; On                 ; On                 ;
; Report Connectivity Checks                                       ; On                 ; On                 ;
; Ignore Maximum Fan-Out Assignments                               ; Off                ; Off                ;
; Synchronization Register Chain Length                            ; 2                  ; 2                  ;
; Power Optimization During Synthesis                              ; Normal compilation ; Normal compilation ;
; HDL message level                                                ; Level2             ; Level2             ;
; Suppress Register Optimization Related Messages                  ; Off                ; Off                ;
; Number of Removed Registers Reported in Synthesis Report         ; 5000               ; 5000               ;
; Number of Swept Nodes Reported in Synthesis Report               ; 5000               ; 5000               ;
; Number of Inverted Registers Reported in Synthesis Report        ; 100                ; 100                ;
; Clock MUX Protection                                             ; On                 ; On                 ;
; Auto Gated Clock Conversion                                      ; Off                ; Off                ;
; Block Design Naming                                              ; Auto               ; Auto               ;
; SDC constraint protection                                        ; Off                ; Off                ;
; Synthesis Effort                                                 ; Auto               ; Auto               ;
; Shift Register Replacement - Allow Asynchronous Clear Signal     ; On                 ; On                 ;
; Pre-Mapping Resynthesis Optimization                             ; Off                ; Off                ;
; Analysis & Synthesis Message Level                               ; Medium             ; Medium             ;
; Disable Register Merging Across Hierarchies                      ; Auto               ; Auto               ;
; Resource Aware Inference For Block RAM                           ; On                 ; On                 ;
+------------------------------------------------------------------+--------------------+--------------------+


+------------------------------------------+
; Parallel Compilation                     ;
+----------------------------+-------------+
; Processors                 ; Number      ;
+----------------------------+-------------+
; Number detected on machine ; 8           ;
; Maximum allowed            ; 4           ;
;                            ;             ;
; Average used               ; 1.00        ;
; Maximum used               ; 4           ;
;                            ;             ;
; Usage by Processor         ; % Time Used ;
;     Processor 1            ; 100.0%      ;
;     Processor 2            ;   0.0%      ;
;     Processors 3-4         ;   0.0%      ;
+----------------------------+-------------+


+-----------------------------------------------------------------------------------------------------------------------------------------------------------------------------------------------------------------------------------------------+
; Analysis & Synthesis Source Files Read                                                                                                                                                                                                        ;
+----------------------------------+-----------------+------------------------------+-------------------------------------------------------------------------------------------------------------------------------------------------+---------+
; File Name with User-Entered Path ; Used in Netlist ; File Type                    ; File Name with Absolute Path                                                                                                                    ; Library ;
+----------------------------------+-----------------+------------------------------+-------------------------------------------------------------------------------------------------------------------------------------------------+---------+
; seg2.vhd                         ; yes             ; User VHDL File               ; C:/Users/praga/OneDrive/Dokumenter/Skole/NTNU 2016-/Electrical engineering - NTNU/Semester 5 - 2020/TELE2010/temp/t2/seg2.vhd                   ;         ;
; seg.vhd                          ; yes             ; User VHDL File               ; C:/Users/praga/OneDrive/Dokumenter/Skole/NTNU 2016-/Electrical engineering - NTNU/Semester 5 - 2020/TELE2010/temp/t2/seg.vhd                    ;         ;
; RTC.vhd                          ; yes             ; User VHDL File               ; C:/Users/praga/OneDrive/Dokumenter/Skole/NTNU 2016-/Electrical engineering - NTNU/Semester 5 - 2020/TELE2010/temp/t2/RTC.vhd                    ;         ;
; Dseg2.vhd                        ; yes             ; User VHDL File               ; C:/Users/praga/OneDrive/Dokumenter/Skole/NTNU 2016-/Electrical engineering - NTNU/Semester 5 - 2020/TELE2010/temp/t2/Dseg2.vhd                  ;         ;
; Dseg.vhd                         ; yes             ; User VHDL File               ; C:/Users/praga/OneDrive/Dokumenter/Skole/NTNU 2016-/Electrical engineering - NTNU/Semester 5 - 2020/TELE2010/temp/t2/Dseg.vhd                   ;         ;
; Counter.vhd                      ; yes             ; User VHDL File               ; C:/Users/praga/OneDrive/Dokumenter/Skole/NTNU 2016-/Electrical engineering - NTNU/Semester 5 - 2020/TELE2010/temp/t2/Counter.vhd                ;         ;
; lpm_divide.tdf                   ; yes             ; Megafunction                 ; c:/intelfpga_lite/20.1/quartus/libraries/megafunctions/lpm_divide.tdf                                                                           ;         ;
; abs_divider.inc                  ; yes             ; Megafunction                 ; c:/intelfpga_lite/20.1/quartus/libraries/megafunctions/abs_divider.inc                                                                          ;         ;
; sign_div_unsign.inc              ; yes             ; Megafunction                 ; c:/intelfpga_lite/20.1/quartus/libraries/megafunctions/sign_div_unsign.inc                                                                      ;         ;
; aglobal201.inc                   ; yes             ; Megafunction                 ; c:/intelfpga_lite/20.1/quartus/libraries/megafunctions/aglobal201.inc                                                                           ;         ;
; db/lpm_divide_2ao.tdf            ; yes             ; Auto-Generated Megafunction  ; C:/Users/praga/OneDrive/Dokumenter/Skole/NTNU 2016-/Electrical engineering - NTNU/Semester 5 - 2020/TELE2010/temp/t2/db/lpm_divide_2ao.tdf      ;         ;
; db/abs_divider_7ag.tdf           ; yes             ; Auto-Generated Megafunction  ; C:/Users/praga/OneDrive/Dokumenter/Skole/NTNU 2016-/Electrical engineering - NTNU/Semester 5 - 2020/TELE2010/temp/t2/db/abs_divider_7ag.tdf     ;         ;
; db/alt_u_div_2fe.tdf             ; yes             ; Auto-Generated Megafunction  ; C:/Users/praga/OneDrive/Dokumenter/Skole/NTNU 2016-/Electrical engineering - NTNU/Semester 5 - 2020/TELE2010/temp/t2/db/alt_u_div_2fe.tdf       ;         ;
; db/add_sub_t3c.tdf               ; yes             ; Auto-Generated Megafunction  ; C:/Users/praga/OneDrive/Dokumenter/Skole/NTNU 2016-/Electrical engineering - NTNU/Semester 5 - 2020/TELE2010/temp/t2/db/add_sub_t3c.tdf         ;         ;
; db/add_sub_u3c.tdf               ; yes             ; Auto-Generated Megafunction  ; C:/Users/praga/OneDrive/Dokumenter/Skole/NTNU 2016-/Electrical engineering - NTNU/Semester 5 - 2020/TELE2010/temp/t2/db/add_sub_u3c.tdf         ;         ;
; db/lpm_abs_o99.tdf               ; yes             ; Auto-Generated Megafunction  ; C:/Users/praga/OneDrive/Dokumenter/Skole/NTNU 2016-/Electrical engineering - NTNU/Semester 5 - 2020/TELE2010/temp/t2/db/lpm_abs_o99.tdf         ;         ;
; db/lpm_abs_r99.tdf               ; yes             ; Auto-Generated Megafunction  ; C:/Users/praga/OneDrive/Dokumenter/Skole/NTNU 2016-/Electrical engineering - NTNU/Semester 5 - 2020/TELE2010/temp/t2/db/lpm_abs_r99.tdf         ;         ;
; db/lpm_divide_ckl.tdf            ; yes             ; Auto-Generated Megafunction  ; C:/Users/praga/OneDrive/Dokumenter/Skole/NTNU 2016-/Electrical engineering - NTNU/Semester 5 - 2020/TELE2010/temp/t2/db/lpm_divide_ckl.tdf      ;         ;
; db/sign_div_unsign_bkh.tdf       ; yes             ; Auto-Generated Megafunction  ; C:/Users/praga/OneDrive/Dokumenter/Skole/NTNU 2016-/Electrical engineering - NTNU/Semester 5 - 2020/TELE2010/temp/t2/db/sign_div_unsign_bkh.tdf ;         ;
; db/alt_u_div_0fe.tdf             ; yes             ; Auto-Generated Megafunction  ; C:/Users/praga/OneDrive/Dokumenter/Skole/NTNU 2016-/Electrical engineering - NTNU/Semester 5 - 2020/TELE2010/temp/t2/db/alt_u_div_0fe.tdf       ;         ;
+----------------------------------+-----------------+------------------------------+-------------------------------------------------------------------------------------------------------------------------------------------------+---------+


+------------------------------------------------------------+
; Analysis & Synthesis Resource Usage Summary                ;
+---------------------------------------------+--------------+
; Resource                                    ; Usage        ;
+---------------------------------------------+--------------+
; Estimated Total logic elements              ; 301          ;
;                                             ;              ;
; Total combinational functions               ; 301          ;
; Logic element usage by number of LUT inputs ;              ;
;     -- 4 input functions                    ; 84           ;
;     -- 3 input functions                    ; 70           ;
;     -- <=2 input functions                  ; 147          ;
;                                             ;              ;
; Logic elements by mode                      ;              ;
;     -- normal mode                          ; 188          ;
;     -- arithmetic mode                      ; 113          ;
;                                             ;              ;
; Total registers                             ; 40           ;
;     -- Dedicated logic registers            ; 40           ;
;     -- I/O registers                        ; 0            ;
;                                             ;              ;
; I/O pins                                    ; 43           ;
;                                             ;              ;
; Embedded Multiplier 9-bit elements          ; 0            ;
;                                             ;              ;
; Maximum fan-out node                        ; KEY[0]~input ;
; Maximum fan-out                             ; 38           ;
; Total fan-out                               ; 1028         ;
; Average fan-out                             ; 2.41         ;
+---------------------------------------------+--------------+


+-----------------------------------------------------------------------------------------------------------------------------------------------------------------------------------------------------------------------------------------------------------------------------------------------------------------------------------------------------+
; Analysis & Synthesis Resource Utilization by Entity                                                                                                                                                                                                                                                                                                 ;
+-------------------------------------------+---------------------+---------------------------+-------------+------------+--------------+---------+-----------+------+--------------+------------+---------------------------------------------------------------------------------------------------------------+---------------------+--------------+
; Compilation Hierarchy Node                ; Combinational ALUTs ; Dedicated Logic Registers ; Memory Bits ; UFM Blocks ; DSP Elements ; DSP 9x9 ; DSP 18x18 ; Pins ; Virtual Pins ; ADC blocks ; Full Hierarchy Name                                                                                           ; Entity Name         ; Library Name ;
+-------------------------------------------+---------------------+---------------------------+-------------+------------+--------------+---------+-----------+------+--------------+------------+---------------------------------------------------------------------------------------------------------------+---------------------+--------------+
; |RTC                                      ; 301 (11)            ; 40 (2)                    ; 0           ; 0          ; 0            ; 0       ; 0         ; 43   ; 0            ; 0          ; |RTC                                                                                                          ; RTC                 ; work         ;
;    |Counter:C0|                           ; 29 (29)             ; 26 (26)                   ; 0           ; 0          ; 0            ; 0       ; 0         ; 0    ; 0            ; 0          ; |RTC|Counter:C0                                                                                               ; Counter             ; work         ;
;    |Counter:C3|                           ; 7 (7)               ; 6 (6)                     ; 0           ; 0          ; 0            ; 0       ; 0         ; 0    ; 0            ; 0          ; |RTC|Counter:C3                                                                                               ; Counter             ; work         ;
;    |Counter:C4|                           ; 8 (8)               ; 6 (6)                     ; 0           ; 0          ; 0            ; 0       ; 0         ; 0    ; 0            ; 0          ; |RTC|Counter:C4                                                                                               ; Counter             ; work         ;
;    |Dseg2:D2|                             ; 123 (6)             ; 0 (0)                     ; 0           ; 0          ; 0            ; 0       ; 0         ; 0    ; 0            ; 0          ; |RTC|Dseg2:D2                                                                                                 ; Dseg2               ; work         ;
;       |lpm_divide:Div0|                   ; 65 (0)              ; 0 (0)                     ; 0           ; 0          ; 0            ; 0       ; 0         ; 0    ; 0            ; 0          ; |RTC|Dseg2:D2|lpm_divide:Div0                                                                                 ; lpm_divide          ; work         ;
;          |lpm_divide_2ao:auto_generated|  ; 65 (0)              ; 0 (0)                     ; 0           ; 0          ; 0            ; 0       ; 0         ; 0    ; 0            ; 0          ; |RTC|Dseg2:D2|lpm_divide:Div0|lpm_divide_2ao:auto_generated                                                   ; lpm_divide_2ao      ; work         ;
;             |abs_divider_7ag:divider|     ; 65 (8)              ; 0 (0)                     ; 0           ; 0          ; 0            ; 0       ; 0         ; 0    ; 0            ; 0          ; |RTC|Dseg2:D2|lpm_divide:Div0|lpm_divide_2ao:auto_generated|abs_divider_7ag:divider                           ; abs_divider_7ag     ; work         ;
;                |alt_u_div_2fe:divider|    ; 52 (52)             ; 0 (0)                     ; 0           ; 0          ; 0            ; 0       ; 0         ; 0    ; 0            ; 0          ; |RTC|Dseg2:D2|lpm_divide:Div0|lpm_divide_2ao:auto_generated|abs_divider_7ag:divider|alt_u_div_2fe:divider     ; alt_u_div_2fe       ; work         ;
;                |lpm_abs_r99:my_abs_num|   ; 5 (5)               ; 0 (0)                     ; 0           ; 0          ; 0            ; 0       ; 0         ; 0    ; 0            ; 0          ; |RTC|Dseg2:D2|lpm_divide:Div0|lpm_divide_2ao:auto_generated|abs_divider_7ag:divider|lpm_abs_r99:my_abs_num    ; lpm_abs_r99         ; work         ;
;       |lpm_divide:Mod0|                   ; 38 (0)              ; 0 (0)                     ; 0           ; 0          ; 0            ; 0       ; 0         ; 0    ; 0            ; 0          ; |RTC|Dseg2:D2|lpm_divide:Mod0                                                                                 ; lpm_divide          ; work         ;
;          |lpm_divide_ckl:auto_generated|  ; 38 (0)              ; 0 (0)                     ; 0           ; 0          ; 0            ; 0       ; 0         ; 0    ; 0            ; 0          ; |RTC|Dseg2:D2|lpm_divide:Mod0|lpm_divide_ckl:auto_generated                                                   ; lpm_divide_ckl      ; work         ;
;             |sign_div_unsign_bkh:divider| ; 38 (0)              ; 0 (0)                     ; 0           ; 0          ; 0            ; 0       ; 0         ; 0    ; 0            ; 0          ; |RTC|Dseg2:D2|lpm_divide:Mod0|lpm_divide_ckl:auto_generated|sign_div_unsign_bkh:divider                       ; sign_div_unsign_bkh ; work         ;
;                |alt_u_div_0fe:divider|    ; 38 (38)             ; 0 (0)                     ; 0           ; 0          ; 0            ; 0       ; 0         ; 0    ; 0            ; 0          ; |RTC|Dseg2:D2|lpm_divide:Mod0|lpm_divide_ckl:auto_generated|sign_div_unsign_bkh:divider|alt_u_div_0fe:divider ; alt_u_div_0fe       ; work         ;
;       |seg2:DP1|                          ; 7 (7)               ; 0 (0)                     ; 0           ; 0          ; 0            ; 0       ; 0         ; 0    ; 0            ; 0          ; |RTC|Dseg2:D2|seg2:DP1                                                                                        ; seg2                ; work         ;
;       |seg2:DP2|                          ; 7 (7)               ; 0 (0)                     ; 0           ; 0          ; 0            ; 0       ; 0         ; 0    ; 0            ; 0          ; |RTC|Dseg2:D2|seg2:DP2                                                                                        ; seg2                ; work         ;
;    |Dseg:D1|                              ; 123 (6)             ; 0 (0)                     ; 0           ; 0          ; 0            ; 0       ; 0         ; 0    ; 0            ; 0          ; |RTC|Dseg:D1                                                                                                  ; Dseg                ; work         ;
;       |lpm_divide:Div0|                   ; 65 (0)              ; 0 (0)                     ; 0           ; 0          ; 0            ; 0       ; 0         ; 0    ; 0            ; 0          ; |RTC|Dseg:D1|lpm_divide:Div0                                                                                  ; lpm_divide          ; work         ;
;          |lpm_divide_2ao:auto_generated|  ; 65 (0)              ; 0 (0)                     ; 0           ; 0          ; 0            ; 0       ; 0         ; 0    ; 0            ; 0          ; |RTC|Dseg:D1|lpm_divide:Div0|lpm_divide_2ao:auto_generated                                                    ; lpm_divide_2ao      ; work         ;
;             |abs_divider_7ag:divider|     ; 65 (8)              ; 0 (0)                     ; 0           ; 0          ; 0            ; 0       ; 0         ; 0    ; 0            ; 0          ; |RTC|Dseg:D1|lpm_divide:Div0|lpm_divide_2ao:auto_generated|abs_divider_7ag:divider                            ; abs_divider_7ag     ; work         ;
;                |alt_u_div_2fe:divider|    ; 52 (52)             ; 0 (0)                     ; 0           ; 0          ; 0            ; 0       ; 0         ; 0    ; 0            ; 0          ; |RTC|Dseg:D1|lpm_divide:Div0|lpm_divide_2ao:auto_generated|abs_divider_7ag:divider|alt_u_div_2fe:divider      ; alt_u_div_2fe       ; work         ;
;                |lpm_abs_r99:my_abs_num|   ; 5 (5)               ; 0 (0)                     ; 0           ; 0          ; 0            ; 0       ; 0         ; 0    ; 0            ; 0          ; |RTC|Dseg:D1|lpm_divide:Div0|lpm_divide_2ao:auto_generated|abs_divider_7ag:divider|lpm_abs_r99:my_abs_num     ; lpm_abs_r99         ; work         ;
;       |lpm_divide:Mod0|                   ; 38 (0)              ; 0 (0)                     ; 0           ; 0          ; 0            ; 0       ; 0         ; 0    ; 0            ; 0          ; |RTC|Dseg:D1|lpm_divide:Mod0                                                                                  ; lpm_divide          ; work         ;
;          |lpm_divide_ckl:auto_generated|  ; 38 (0)              ; 0 (0)                     ; 0           ; 0          ; 0            ; 0       ; 0         ; 0    ; 0            ; 0          ; |RTC|Dseg:D1|lpm_divide:Mod0|lpm_divide_ckl:auto_generated                                                    ; lpm_divide_ckl      ; work         ;
;             |sign_div_unsign_bkh:divider| ; 38 (0)              ; 0 (0)                     ; 0           ; 0          ; 0            ; 0       ; 0         ; 0    ; 0            ; 0          ; |RTC|Dseg:D1|lpm_divide:Mod0|lpm_divide_ckl:auto_generated|sign_div_unsign_bkh:divider                        ; sign_div_unsign_bkh ; work         ;
;                |alt_u_div_0fe:divider|    ; 38 (38)             ; 0 (0)                     ; 0           ; 0          ; 0            ; 0       ; 0         ; 0    ; 0            ; 0          ; |RTC|Dseg:D1|lpm_divide:Mod0|lpm_divide_ckl:auto_generated|sign_div_unsign_bkh:divider|alt_u_div_0fe:divider  ; alt_u_div_0fe       ; work         ;
;       |seg:DP1|                           ; 7 (7)               ; 0 (0)                     ; 0           ; 0          ; 0            ; 0       ; 0         ; 0    ; 0            ; 0          ; |RTC|Dseg:D1|seg:DP1                                                                                          ; seg                 ; work         ;
;       |seg:DP2|                           ; 7 (7)               ; 0 (0)                     ; 0           ; 0          ; 0            ; 0       ; 0         ; 0    ; 0            ; 0          ; |RTC|Dseg:D1|seg:DP2                                                                                          ; seg                 ; work         ;
+-------------------------------------------+---------------------+---------------------------+-------------+------------+--------------+---------+-----------+------+--------------+------------+---------------------------------------------------------------------------------------------------------------+---------------------+--------------+
Note: For table entries with two numbers listed, the numbers in parentheses indicate the number of resources of the given type used by the specific entity alone. The numbers listed outside of parentheses indicate the total resources of the given type used by the specific entity and all of its sub-entities in the hierarchy.


+------------------------------------------------------+
; General Register Statistics                          ;
+----------------------------------------------+-------+
; Statistic                                    ; Value ;
+----------------------------------------------+-------+
; Total registers                              ; 40    ;
; Number of registers using Synchronous Clear  ; 38    ;
; Number of registers using Synchronous Load   ; 0     ;
; Number of registers using Asynchronous Clear ; 38    ;
; Number of registers using Asynchronous Load  ; 0     ;
; Number of registers using Clock Enable       ; 0     ;
; Number of registers using Preset             ; 0     ;
+----------------------------------------------+-------+


+---------------------------------------------------------+
; Parameter Settings for User Entity Instance: Counter:C0 ;
+----------------+----------+-----------------------------+
; Parameter Name ; Value    ; Type                        ;
+----------------+----------+-----------------------------+
; n              ; 26       ; Signed Integer              ;
; k              ; 50000000 ; Signed Integer              ;
+----------------+----------+-----------------------------+
Note: In order to hide this table in the UI and the text report file, please set the "Show Parameter Settings in Synthesis Report" option in "Analysis and Synthesis Settings -> More Settings" to "Off".


+---------------------------------------------------------+
; Parameter Settings for User Entity Instance: Counter:C3 ;
+----------------+-------+--------------------------------+
; Parameter Name ; Value ; Type                           ;
+----------------+-------+--------------------------------+
; n              ; 6     ; Signed Integer                 ;
; k              ; 61    ; Signed Integer                 ;
+----------------+-------+--------------------------------+
Note: In order to hide this table in the UI and the text report file, please set the "Show Parameter Settings in Synthesis Report" option in "Analysis and Synthesis Settings -> More Settings" to "Off".


+---------------------------------------------------------+
; Parameter Settings for User Entity Instance: Counter:C4 ;
+----------------+-------+--------------------------------+
; Parameter Name ; Value ; Type                           ;
+----------------+-------+--------------------------------+
; n              ; 6     ; Signed Integer                 ;
; k              ; 60    ; Signed Integer                 ;
+----------------+-------+--------------------------------+
Note: In order to hide this table in the UI and the text report file, please set the "Show Parameter Settings in Synthesis Report" option in "Analysis and Synthesis Settings -> More Settings" to "Off".


+---------------------------------------------------------+
; Parameter Settings for User Entity Instance: Counter:C5 ;
+----------------+-------+--------------------------------+
; Parameter Name ; Value ; Type                           ;
+----------------+-------+--------------------------------+
; n              ; 6     ; Signed Integer                 ;
; k              ; 24    ; Signed Integer                 ;
+----------------+-------+--------------------------------+
Note: In order to hide this table in the UI and the text report file, please set the "Show Parameter Settings in Synthesis Report" option in "Analysis and Synthesis Settings -> More Settings" to "Off".


+--------------------------------------------------------------------------+
; Parameter Settings for Inferred Entity Instance: Dseg:D1|lpm_divide:Div0 ;
+------------------------+----------------+--------------------------------+
; Parameter Name         ; Value          ; Type                           ;
+------------------------+----------------+--------------------------------+
; LPM_WIDTHN             ; 8              ; Untyped                        ;
; LPM_WIDTHD             ; 5              ; Untyped                        ;
; LPM_NREPRESENTATION    ; SIGNED         ; Untyped                        ;
; LPM_DREPRESENTATION    ; SIGNED         ; Untyped                        ;
; LPM_PIPELINE           ; 0              ; Untyped                        ;
; LPM_REMAINDERPOSITIVE  ; FALSE          ; Untyped                        ;
; MAXIMIZE_SPEED         ; 5              ; Untyped                        ;
; CBXI_PARAMETER         ; lpm_divide_2ao ; Untyped                        ;
; CARRY_CHAIN            ; MANUAL         ; Untyped                        ;
; OPTIMIZE_FOR_SPEED     ; 5              ; Untyped                        ;
; AUTO_CARRY_CHAINS      ; ON             ; AUTO_CARRY                     ;
; IGNORE_CARRY_BUFFERS   ; OFF            ; IGNORE_CARRY                   ;
; AUTO_CASCADE_CHAINS    ; ON             ; AUTO_CASCADE                   ;
; IGNORE_CASCADE_BUFFERS ; OFF            ; IGNORE_CASCADE                 ;
+------------------------+----------------+--------------------------------+
Note: In order to hide this table in the UI and the text report file, please set the "Show Parameter Settings in Synthesis Report" option in "Analysis and Synthesis Settings -> More Settings" to "Off".


+--------------------------------------------------------------------------+
; Parameter Settings for Inferred Entity Instance: Dseg:D1|lpm_divide:Mod0 ;
+------------------------+----------------+--------------------------------+
; Parameter Name         ; Value          ; Type                           ;
+------------------------+----------------+--------------------------------+
; LPM_WIDTHN             ; 6              ; Untyped                        ;
; LPM_WIDTHD             ; 6              ; Untyped                        ;
; LPM_NREPRESENTATION    ; UNSIGNED       ; Untyped                        ;
; LPM_DREPRESENTATION    ; UNSIGNED       ; Untyped                        ;
; LPM_PIPELINE           ; 0              ; Untyped                        ;
; LPM_REMAINDERPOSITIVE  ; TRUE           ; Untyped                        ;
; MAXIMIZE_SPEED         ; 5              ; Untyped                        ;
; CBXI_PARAMETER         ; lpm_divide_ckl ; Untyped                        ;
; CARRY_CHAIN            ; MANUAL         ; Untyped                        ;
; OPTIMIZE_FOR_SPEED     ; 5              ; Untyped                        ;
; AUTO_CARRY_CHAINS      ; ON             ; AUTO_CARRY                     ;
; IGNORE_CARRY_BUFFERS   ; OFF            ; IGNORE_CARRY                   ;
; AUTO_CASCADE_CHAINS    ; ON             ; AUTO_CASCADE                   ;
; IGNORE_CASCADE_BUFFERS ; OFF            ; IGNORE_CASCADE                 ;
+------------------------+----------------+--------------------------------+
Note: In order to hide this table in the UI and the text report file, please set the "Show Parameter Settings in Synthesis Report" option in "Analysis and Synthesis Settings -> More Settings" to "Off".


+---------------------------------------------------------------------------+
; Parameter Settings for Inferred Entity Instance: Dseg2:D2|lpm_divide:Div0 ;
+------------------------+----------------+---------------------------------+
; Parameter Name         ; Value          ; Type                            ;
+------------------------+----------------+---------------------------------+
; LPM_WIDTHN             ; 8              ; Untyped                         ;
; LPM_WIDTHD             ; 5              ; Untyped                         ;
; LPM_NREPRESENTATION    ; SIGNED         ; Untyped                         ;
; LPM_DREPRESENTATION    ; SIGNED         ; Untyped                         ;
; LPM_PIPELINE           ; 0              ; Untyped                         ;
; LPM_REMAINDERPOSITIVE  ; FALSE          ; Untyped                         ;
; MAXIMIZE_SPEED         ; 5              ; Untyped                         ;
; CBXI_PARAMETER         ; lpm_divide_2ao ; Untyped                         ;
; CARRY_CHAIN            ; MANUAL         ; Untyped                         ;
; OPTIMIZE_FOR_SPEED     ; 5              ; Untyped                         ;
; AUTO_CARRY_CHAINS      ; ON             ; AUTO_CARRY                      ;
; IGNORE_CARRY_BUFFERS   ; OFF            ; IGNORE_CARRY                    ;
; AUTO_CASCADE_CHAINS    ; ON             ; AUTO_CASCADE                    ;
; IGNORE_CASCADE_BUFFERS ; OFF            ; IGNORE_CASCADE                  ;
+------------------------+----------------+---------------------------------+
Note: In order to hide this table in the UI and the text report file, please set the "Show Parameter Settings in Synthesis Report" option in "Analysis and Synthesis Settings -> More Settings" to "Off".


+---------------------------------------------------------------------------+
; Parameter Settings for Inferred Entity Instance: Dseg2:D2|lpm_divide:Mod0 ;
+------------------------+----------------+---------------------------------+
; Parameter Name         ; Value          ; Type                            ;
+------------------------+----------------+---------------------------------+
; LPM_WIDTHN             ; 6              ; Untyped                         ;
; LPM_WIDTHD             ; 6              ; Untyped                         ;
; LPM_NREPRESENTATION    ; UNSIGNED       ; Untyped                         ;
; LPM_DREPRESENTATION    ; UNSIGNED       ; Untyped                         ;
; LPM_PIPELINE           ; 0              ; Untyped                         ;
; LPM_REMAINDERPOSITIVE  ; TRUE           ; Untyped                         ;
; MAXIMIZE_SPEED         ; 5              ; Untyped                         ;
; CBXI_PARAMETER         ; lpm_divide_ckl ; Untyped                         ;
; CARRY_CHAIN            ; MANUAL         ; Untyped                         ;
; OPTIMIZE_FOR_SPEED     ; 5              ; Untyped                         ;
; AUTO_CARRY_CHAINS      ; ON             ; AUTO_CARRY                      ;
; IGNORE_CARRY_BUFFERS   ; OFF            ; IGNORE_CARRY                    ;
; AUTO_CASCADE_CHAINS    ; ON             ; AUTO_CASCADE                    ;
; IGNORE_CASCADE_BUFFERS ; OFF            ; IGNORE_CASCADE                  ;
+------------------------+----------------+---------------------------------+
Note: In order to hide this table in the UI and the text report file, please set the "Show Parameter Settings in Synthesis Report" option in "Analysis and Synthesis Settings -> More Settings" to "Off".


+----------------------------------------------------------------------------------------------------------------+
; Port Connectivity Checks: "Counter:C5"                                                                         ;
+------+--------+----------+-------------------------------------------------------------------------------------+
; Port ; Type   ; Severity ; Details                                                                             ;
+------+--------+----------+-------------------------------------------------------------------------------------+
; q    ; Output ; Info     ; Connected to dangling logic. Logic that only feeds a dangling port will be removed. ;
+------+--------+----------+-------------------------------------------------------------------------------------+


+-----------------------------------------------------+
; Post-Synthesis Netlist Statistics for Top Partition ;
+-----------------------+-----------------------------+
; Type                  ; Count                       ;
+-----------------------+-----------------------------+
; boundary_port         ; 43                          ;
; cycloneiii_ff         ; 40                          ;
;     CLR SCLR          ; 38                          ;
;     plain             ; 2                           ;
; cycloneiii_lcell_comb ; 307                         ;
;     arith             ; 113                         ;
;         1 data inputs ; 2                           ;
;         2 data inputs ; 55                          ;
;         3 data inputs ; 56                          ;
;     normal            ; 194                         ;
;         0 data inputs ; 18                          ;
;         1 data inputs ; 9                           ;
;         2 data inputs ; 69                          ;
;         3 data inputs ; 14                          ;
;         4 data inputs ; 84                          ;
;                       ;                             ;
; Max LUT depth         ; 23.90                       ;
; Average LUT depth     ; 17.31                       ;
+-----------------------+-----------------------------+


+-------------------------------+
; Elapsed Time Per Partition    ;
+----------------+--------------+
; Partition Name ; Elapsed Time ;
+----------------+--------------+
; Top            ; 00:00:02     ;
+----------------+--------------+


+-------------------------------+
; Analysis & Synthesis Messages ;
+-------------------------------+
Info: *******************************************************************
Info: Running Quartus Prime Analysis & Synthesis
    Info: Version 20.1.0 Build 711 06/05/2020 SJ Lite Edition
    Info: Processing started: Thu Nov 05 15:50:30 2020
Info: Command: quartus_map --read_settings_files=on --write_settings_files=off RTC -c RTC
Warning (18236): Number of processors has not been specified which may cause overloading on shared machines.  Set the global assignment NUM_PARALLEL_PROCESSORS in your QSF to an appropriate value for best performance.
Info (20030): Parallel compilation is enabled and will use 4 of the 4 processors detected
Info (12021): Found 2 design units, including 1 entities, in source file seg2.vhd
    Info (12022): Found design unit 1: seg2-Behavior File: C:/Users/praga/OneDrive/Dokumenter/Skole/NTNU 2016-/Electrical engineering - NTNU/Semester 5 - 2020/TELE2010/temp/t2/seg2.vhd Line: 13
    Info (12023): Found entity 1: seg2 File: C:/Users/praga/OneDrive/Dokumenter/Skole/NTNU 2016-/Electrical engineering - NTNU/Semester 5 - 2020/TELE2010/temp/t2/seg2.vhd Line: 4
Info (12021): Found 2 design units, including 1 entities, in source file seg.vhd
    Info (12022): Found design unit 1: seg-Behavior File: C:/Users/praga/OneDrive/Dokumenter/Skole/NTNU 2016-/Electrical engineering - NTNU/Semester 5 - 2020/TELE2010/temp/t2/seg.vhd Line: 13
    Info (12023): Found entity 1: seg File: C:/Users/praga/OneDrive/Dokumenter/Skole/NTNU 2016-/Electrical engineering - NTNU/Semester 5 - 2020/TELE2010/temp/t2/seg.vhd Line: 4
Info (12021): Found 2 design units, including 1 entities, in source file rtc.vhd
    Info (12022): Found design unit 1: RTC-Behavioral File: C:/Users/praga/OneDrive/Dokumenter/Skole/NTNU 2016-/Electrical engineering - NTNU/Semester 5 - 2020/TELE2010/temp/t2/RTC.vhd Line: 23
    Info (12023): Found entity 1: RTC File: C:/Users/praga/OneDrive/Dokumenter/Skole/NTNU 2016-/Electrical engineering - NTNU/Semester 5 - 2020/TELE2010/temp/t2/RTC.vhd Line: 12
Info (12021): Found 2 design units, including 1 entities, in source file dseg2.vhd
    Info (12022): Found design unit 1: Dseg2-Behavior File: C:/Users/praga/OneDrive/Dokumenter/Skole/NTNU 2016-/Electrical engineering - NTNU/Semester 5 - 2020/TELE2010/temp/t2/Dseg2.vhd Line: 15
    Info (12023): Found entity 1: Dseg2 File: C:/Users/praga/OneDrive/Dokumenter/Skole/NTNU 2016-/Electrical engineering - NTNU/Semester 5 - 2020/TELE2010/temp/t2/Dseg2.vhd Line: 6
Info (12021): Found 2 design units, including 1 entities, in source file dseg.vhd
    Info (12022): Found design unit 1: Dseg-Behavior File: C:/Users/praga/OneDrive/Dokumenter/Skole/NTNU 2016-/Electrical engineering - NTNU/Semester 5 - 2020/TELE2010/temp/t2/Dseg.vhd Line: 15
    Info (12023): Found entity 1: Dseg File: C:/Users/praga/OneDrive/Dokumenter/Skole/NTNU 2016-/Electrical engineering - NTNU/Semester 5 - 2020/TELE2010/temp/t2/Dseg.vhd Line: 6
Info (12021): Found 2 design units, including 1 entities, in source file counter.vhd
    Info (12022): Found design unit 1: Counter-rtl File: C:/Users/praga/OneDrive/Dokumenter/Skole/NTNU 2016-/Electrical engineering - NTNU/Semester 5 - 2020/TELE2010/temp/t2/Counter.vhd Line: 19
    Info (12023): Found entity 1: Counter File: C:/Users/praga/OneDrive/Dokumenter/Skole/NTNU 2016-/Electrical engineering - NTNU/Semester 5 - 2020/TELE2010/temp/t2/Counter.vhd Line: 5
Info (12127): Elaborating entity "RTC" for the top level hierarchy
Warning (10541): VHDL Signal Declaration warning at RTC.vhd(17): used implicit default value for signal "LEDR" because signal was never assigned a value or an explicit default value. Use of implicit default value may introduce unintended design optimizations. File: C:/Users/praga/OneDrive/Dokumenter/Skole/NTNU 2016-/Electrical engineering - NTNU/Semester 5 - 2020/TELE2010/temp/t2/RTC.vhd Line: 17
Warning (10036): Verilog HDL or VHDL warning at RTC.vhd(30): object "hours" assigned a value but never read File: C:/Users/praga/OneDrive/Dokumenter/Skole/NTNU 2016-/Electrical engineering - NTNU/Semester 5 - 2020/TELE2010/temp/t2/RTC.vhd Line: 30
Info (12128): Elaborating entity "Counter" for hierarchy "Counter:C0" File: C:/Users/praga/OneDrive/Dokumenter/Skole/NTNU 2016-/Electrical engineering - NTNU/Semester 5 - 2020/TELE2010/temp/t2/RTC.vhd Line: 69
Info (12128): Elaborating entity "Counter" for hierarchy "Counter:C3" File: C:/Users/praga/OneDrive/Dokumenter/Skole/NTNU 2016-/Electrical engineering - NTNU/Semester 5 - 2020/TELE2010/temp/t2/RTC.vhd Line: 72
Info (12128): Elaborating entity "Counter" for hierarchy "Counter:C4" File: C:/Users/praga/OneDrive/Dokumenter/Skole/NTNU 2016-/Electrical engineering - NTNU/Semester 5 - 2020/TELE2010/temp/t2/RTC.vhd Line: 75
Info (12128): Elaborating entity "Counter" for hierarchy "Counter:C5" File: C:/Users/praga/OneDrive/Dokumenter/Skole/NTNU 2016-/Electrical engineering - NTNU/Semester 5 - 2020/TELE2010/temp/t2/RTC.vhd Line: 78
Info (12128): Elaborating entity "Dseg" for hierarchy "Dseg:D1" File: C:/Users/praga/OneDrive/Dokumenter/Skole/NTNU 2016-/Electrical engineering - NTNU/Semester 5 - 2020/TELE2010/temp/t2/RTC.vhd Line: 112
Warning (10492): VHDL Process Statement warning at Dseg.vhd(46): signal "ones" is read inside the Process Statement but isn't in the Process Statement's sensitivity list File: C:/Users/praga/OneDrive/Dokumenter/Skole/NTNU 2016-/Electrical engineering - NTNU/Semester 5 - 2020/TELE2010/temp/t2/Dseg.vhd Line: 46
Warning (10492): VHDL Process Statement warning at Dseg.vhd(47): signal "tens" is read inside the Process Statement but isn't in the Process Statement's sensitivity list File: C:/Users/praga/OneDrive/Dokumenter/Skole/NTNU 2016-/Electrical engineering - NTNU/Semester 5 - 2020/TELE2010/temp/t2/Dseg.vhd Line: 47
Info (12128): Elaborating entity "seg" for hierarchy "Dseg:D1|seg:DP2" File: C:/Users/praga/OneDrive/Dokumenter/Skole/NTNU 2016-/Electrical engineering - NTNU/Semester 5 - 2020/TELE2010/temp/t2/Dseg.vhd Line: 57
Info (12128): Elaborating entity "Dseg2" for hierarchy "Dseg2:D2" File: C:/Users/praga/OneDrive/Dokumenter/Skole/NTNU 2016-/Electrical engineering - NTNU/Semester 5 - 2020/TELE2010/temp/t2/RTC.vhd Line: 113
Warning (10492): VHDL Process Statement warning at Dseg2.vhd(46): signal "ones" is read inside the Process Statement but isn't in the Process Statement's sensitivity list File: C:/Users/praga/OneDrive/Dokumenter/Skole/NTNU 2016-/Electrical engineering - NTNU/Semester 5 - 2020/TELE2010/temp/t2/Dseg2.vhd Line: 46
Warning (10492): VHDL Process Statement warning at Dseg2.vhd(47): signal "tens" is read inside the Process Statement but isn't in the Process Statement's sensitivity list File: C:/Users/praga/OneDrive/Dokumenter/Skole/NTNU 2016-/Electrical engineering - NTNU/Semester 5 - 2020/TELE2010/temp/t2/Dseg2.vhd Line: 47
Info (12128): Elaborating entity "seg2" for hierarchy "Dseg2:D2|seg2:DP2" File: C:/Users/praga/OneDrive/Dokumenter/Skole/NTNU 2016-/Electrical engineering - NTNU/Semester 5 - 2020/TELE2010/temp/t2/Dseg2.vhd Line: 57
Info (278001): Inferred 4 megafunctions from design logic
    Info (278004): Inferred divider/modulo megafunction ("lpm_divide") from the following logic: "Dseg:D1|Div0" File: C:/Users/praga/OneDrive/Dokumenter/Skole/NTNU 2016-/Electrical engineering - NTNU/Semester 5 - 2020/TELE2010/temp/t2/Dseg.vhd Line: 50
    Info (278004): Inferred divider/modulo megafunction ("lpm_divide") from the following logic: "Dseg:D1|Mod0" File: C:/Users/praga/OneDrive/Dokumenter/Skole/NTNU 2016-/Electrical engineering - NTNU/Semester 5 - 2020/TELE2010/temp/t2/Dseg.vhd Line: 49
    Info (278004): Inferred divider/modulo megafunction ("lpm_divide") from the following logic: "Dseg2:D2|Div0" File: C:/Users/praga/OneDrive/Dokumenter/Skole/NTNU 2016-/Electrical engineering - NTNU/Semester 5 - 2020/TELE2010/temp/t2/Dseg2.vhd Line: 50
    Info (278004): Inferred divider/modulo megafunction ("lpm_divide") from the following logic: "Dseg2:D2|Mod0" File: C:/Users/praga/OneDrive/Dokumenter/Skole/NTNU 2016-/Electrical engineering - NTNU/Semester 5 - 2020/TELE2010/temp/t2/Dseg2.vhd Line: 49
Info (12130): Elaborated megafunction instantiation "Dseg:D1|lpm_divide:Div0" File: C:/Users/praga/OneDrive/Dokumenter/Skole/NTNU 2016-/Electrical engineering - NTNU/Semester 5 - 2020/TELE2010/temp/t2/Dseg.vhd Line: 50
Info (12133): Instantiated megafunction "Dseg:D1|lpm_divide:Div0" with the following parameter: File: C:/Users/praga/OneDrive/Dokumenter/Skole/NTNU 2016-/Electrical engineering - NTNU/Semester 5 - 2020/TELE2010/temp/t2/Dseg.vhd Line: 50
    Info (12134): Parameter "LPM_WIDTHN" = "8"
    Info (12134): Parameter "LPM_WIDTHD" = "5"
    Info (12134): Parameter "LPM_NREPRESENTATION" = "SIGNED"
    Info (12134): Parameter "LPM_DREPRESENTATION" = "SIGNED"
    Info (12134): Parameter "LPM_HINT" = "LPM_REMAINDERPOSITIVE=FALSE"
Info (12021): Found 1 design units, including 1 entities, in source file db/lpm_divide_2ao.tdf
    Info (12023): Found entity 1: lpm_divide_2ao File: C:/Users/praga/OneDrive/Dokumenter/Skole/NTNU 2016-/Electrical engineering - NTNU/Semester 5 - 2020/TELE2010/temp/t2/db/lpm_divide_2ao.tdf Line: 25
Info (12021): Found 1 design units, including 1 entities, in source file db/abs_divider_7ag.tdf
    Info (12023): Found entity 1: abs_divider_7ag File: C:/Users/praga/OneDrive/Dokumenter/Skole/NTNU 2016-/Electrical engineering - NTNU/Semester 5 - 2020/TELE2010/temp/t2/db/abs_divider_7ag.tdf Line: 29
Info (12021): Found 1 design units, including 1 entities, in source file db/alt_u_div_2fe.tdf
    Info (12023): Found entity 1: alt_u_div_2fe File: C:/Users/praga/OneDrive/Dokumenter/Skole/NTNU 2016-/Electrical engineering - NTNU/Semester 5 - 2020/TELE2010/temp/t2/db/alt_u_div_2fe.tdf Line: 27
Info (12021): Found 1 design units, including 1 entities, in source file db/add_sub_t3c.tdf
    Info (12023): Found entity 1: add_sub_t3c File: C:/Users/praga/OneDrive/Dokumenter/Skole/NTNU 2016-/Electrical engineering - NTNU/Semester 5 - 2020/TELE2010/temp/t2/db/add_sub_t3c.tdf Line: 23
Info (12021): Found 1 design units, including 1 entities, in source file db/add_sub_u3c.tdf
    Info (12023): Found entity 1: add_sub_u3c File: C:/Users/praga/OneDrive/Dokumenter/Skole/NTNU 2016-/Electrical engineering - NTNU/Semester 5 - 2020/TELE2010/temp/t2/db/add_sub_u3c.tdf Line: 23
Info (12021): Found 1 design units, including 1 entities, in source file db/lpm_abs_o99.tdf
    Info (12023): Found entity 1: lpm_abs_o99 File: C:/Users/praga/OneDrive/Dokumenter/Skole/NTNU 2016-/Electrical engineering - NTNU/Semester 5 - 2020/TELE2010/temp/t2/db/lpm_abs_o99.tdf Line: 25
Info (12021): Found 1 design units, including 1 entities, in source file db/lpm_abs_r99.tdf
    Info (12023): Found entity 1: lpm_abs_r99 File: C:/Users/praga/OneDrive/Dokumenter/Skole/NTNU 2016-/Electrical engineering - NTNU/Semester 5 - 2020/TELE2010/temp/t2/db/lpm_abs_r99.tdf Line: 25
Info (12130): Elaborated megafunction instantiation "Dseg:D1|lpm_divide:Mod0" File: C:/Users/praga/OneDrive/Dokumenter/Skole/NTNU 2016-/Electrical engineering - NTNU/Semester 5 - 2020/TELE2010/temp/t2/Dseg.vhd Line: 49
Info (12133): Instantiated megafunction "Dseg:D1|lpm_divide:Mod0" with the following parameter: File: C:/Users/praga/OneDrive/Dokumenter/Skole/NTNU 2016-/Electrical engineering - NTNU/Semester 5 - 2020/TELE2010/temp/t2/Dseg.vhd Line: 49
    Info (12134): Parameter "LPM_WIDTHN" = "6"
    Info (12134): Parameter "LPM_WIDTHD" = "6"
    Info (12134): Parameter "LPM_NREPRESENTATION" = "UNSIGNED"
    Info (12134): Parameter "LPM_DREPRESENTATION" = "UNSIGNED"
Info (12021): Found 1 design units, including 1 entities, in source file db/lpm_divide_ckl.tdf
    Info (12023): Found entity 1: lpm_divide_ckl File: C:/Users/praga/OneDrive/Dokumenter/Skole/NTNU 2016-/Electrical engineering - NTNU/Semester 5 - 2020/TELE2010/temp/t2/db/lpm_divide_ckl.tdf Line: 25
Info (12021): Found 1 design units, including 1 entities, in source file db/sign_div_unsign_bkh.tdf
    Info (12023): Found entity 1: sign_div_unsign_bkh File: C:/Users/praga/OneDrive/Dokumenter/Skole/NTNU 2016-/Electrical engineering - NTNU/Semester 5 - 2020/TELE2010/temp/t2/db/sign_div_unsign_bkh.tdf Line: 25
Info (12021): Found 1 design units, including 1 entities, in source file db/alt_u_div_0fe.tdf
    Info (12023): Found entity 1: alt_u_div_0fe File: C:/Users/praga/OneDrive/Dokumenter/Skole/NTNU 2016-/Electrical engineering - NTNU/Semester 5 - 2020/TELE2010/temp/t2/db/alt_u_div_0fe.tdf Line: 27
Info (13014): Ignored 12 buffer(s)
    Info (13016): Ignored 12 CARRY_SUM buffer(s)
Warning (13024): Output pins are stuck at VCC or GND
    Warning (13410): Pin "LEDR[0]" is stuck at GND File: C:/Users/praga/OneDrive/Dokumenter/Skole/NTNU 2016-/Electrical engineering - NTNU/Semester 5 - 2020/TELE2010/temp/t2/RTC.vhd Line: 17
    Warning (13410): Pin "LEDR[1]" is stuck at GND File: C:/Users/praga/OneDrive/Dokumenter/Skole/NTNU 2016-/Electrical engineering - NTNU/Semester 5 - 2020/TELE2010/temp/t2/RTC.vhd Line: 17
    Warning (13410): Pin "LEDR[2]" is stuck at GND File: C:/Users/praga/OneDrive/Dokumenter/Skole/NTNU 2016-/Electrical engineering - NTNU/Semester 5 - 2020/TELE2010/temp/t2/RTC.vhd Line: 17
    Warning (13410): Pin "LEDR[3]" is stuck at GND File: C:/Users/praga/OneDrive/Dokumenter/Skole/NTNU 2016-/Electrical engineering - NTNU/Semester 5 - 2020/TELE2010/temp/t2/RTC.vhd Line: 17
    Warning (13410): Pin "LEDR[4]" is stuck at GND File: C:/Users/praga/OneDrive/Dokumenter/Skole/NTNU 2016-/Electrical engineering - NTNU/Semester 5 - 2020/TELE2010/temp/t2/RTC.vhd Line: 17
    Warning (13410): Pin "LEDR[5]" is stuck at GND File: C:/Users/praga/OneDrive/Dokumenter/Skole/NTNU 2016-/Electrical engineering - NTNU/Semester 5 - 2020/TELE2010/temp/t2/RTC.vhd Line: 17
    Warning (13410): Pin "LEDR[6]" is stuck at GND File: C:/Users/praga/OneDrive/Dokumenter/Skole/NTNU 2016-/Electrical engineering - NTNU/Semester 5 - 2020/TELE2010/temp/t2/RTC.vhd Line: 17
    Warning (13410): Pin "LEDR[7]" is stuck at GND File: C:/Users/praga/OneDrive/Dokumenter/Skole/NTNU 2016-/Electrical engineering - NTNU/Semester 5 - 2020/TELE2010/temp/t2/RTC.vhd Line: 17
    Warning (13410): Pin "HEX3[7]" is stuck at GND File: C:/Users/praga/OneDrive/Dokumenter/Skole/NTNU 2016-/Electrical engineering - NTNU/Semester 5 - 2020/TELE2010/temp/t2/RTC.vhd Line: 18
    Warning (13410): Pin "HEX2[7]" is stuck at GND File: C:/Users/praga/OneDrive/Dokumenter/Skole/NTNU 2016-/Electrical engineering - NTNU/Semester 5 - 2020/TELE2010/temp/t2/RTC.vhd Line: 18
    Warning (13410): Pin "HEX1[7]" is stuck at VCC File: C:/Users/praga/OneDrive/Dokumenter/Skole/NTNU 2016-/Electrical engineering - NTNU/Semester 5 - 2020/TELE2010/temp/t2/RTC.vhd Line: 19
    Warning (13410): Pin "HEX0[7]" is stuck at VCC File: C:/Users/praga/OneDrive/Dokumenter/Skole/NTNU 2016-/Electrical engineering - NTNU/Semester 5 - 2020/TELE2010/temp/t2/RTC.vhd Line: 19
Info (286030): Timing-Driven Synthesis is running
Warning (20013): Ignored 209 assignments for entity "part1" -- entity does not exist in design
    Warning (20014): Assignment for entity set_instance_assignment -name IO_STANDARD "3.3-V LVTTL" -to ARDUINO_IO[0] -entity part1 was ignored
    Warning (20014): Assignment for entity set_instance_assignment -name IO_STANDARD "3.3-V LVTTL" -to ARDUINO_IO[10] -entity part1 was ignored
    Warning (20014): Assignment for entity set_instance_assignment -name IO_STANDARD "3.3-V LVTTL" -to ARDUINO_IO[11] -entity part1 was ignored
    Warning (20014): Assignment for entity set_instance_assignment -name IO_STANDARD "3.3-V LVTTL" -to ARDUINO_IO[12] -entity part1 was ignored
    Warning (20014): Assignment for entity set_instance_assignment -name IO_STANDARD "3.3-V LVTTL" -to ARDUINO_IO[13] -entity part1 was ignored
    Warning (20014): Assignment for entity set_instance_assignment -name IO_STANDARD "3.3-V LVTTL" -to ARDUINO_IO[14] -entity part1 was ignored
    Warning (20014): Assignment for entity set_instance_assignment -name IO_STANDARD "3.3-V LVTTL" -to ARDUINO_IO[15] -entity part1 was ignored
    Warning (20014): Assignment for entity set_instance_assignment -name IO_STANDARD "3.3-V LVTTL" -to ARDUINO_IO[1] -entity part1 was ignored
    Warning (20014): Assignment for entity set_instance_assignment -name IO_STANDARD "3.3-V LVTTL" -to ARDUINO_IO[2] -entity part1 was ignored
    Warning (20014): Assignment for entity set_instance_assignment -name IO_STANDARD "3.3-V LVTTL" -to ARDUINO_IO[3] -entity part1 was ignored
    Warning (20014): Assignment for entity set_instance_assignment -name IO_STANDARD "3.3-V LVTTL" -to ARDUINO_IO[4] -entity part1 was ignored
    Warning (20014): Assignment for entity set_instance_assignment -name IO_STANDARD "3.3-V LVTTL" -to ARDUINO_IO[5] -entity part1 was ignored
    Warning (20014): Assignment for entity set_instance_assignment -name IO_STANDARD "3.3-V LVTTL" -to ARDUINO_IO[6] -entity part1 was ignored
    Warning (20014): Assignment for entity set_instance_assignment -name IO_STANDARD "3.3-V LVTTL" -to ARDUINO_IO[7] -entity part1 was ignored
    Warning (20014): Assignment for entity set_instance_assignment -name IO_STANDARD "3.3-V LVTTL" -to ARDUINO_IO[8] -entity part1 was ignored
    Warning (20014): Assignment for entity set_instance_assignment -name IO_STANDARD "3.3-V LVTTL" -to ARDUINO_IO[9] -entity part1 was ignored
    Warning (20014): Assignment for entity set_instance_assignment -name IO_STANDARD "3.3-V LVTTL" -to ARDUINO_RESET_N -entity part1 was ignored
    Warning (20014): Assignment for entity set_instance_assignment -name IO_STANDARD "3.3-V LVTTL" -to CLOCK2_50 -entity part1 was ignored
    Warning (20014): Assignment for entity set_instance_assignment -name IO_STANDARD "3.3-V LVTTL" -to CLOCK_50 -entity part1 was ignored
    Warning (20014): Assignment for entity set_instance_assignment -name IO_STANDARD "3.3-V LVTTL" -to CLOCK_ADC_10 -entity part1 was ignored
    Warning (20014): Assignment for entity set_instance_assignment -name IO_STANDARD "3.3-V LVTTL" -to DRAM_ADDR[0] -entity part1 was ignored
    Warning (20014): Assignment for entity set_instance_assignment -name IO_STANDARD "3.3-V LVTTL" -to DRAM_ADDR[10] -entity part1 was ignored
    Warning (20014): Assignment for entity set_instance_assignment -name IO_STANDARD "3.3-V LVTTL" -to DRAM_ADDR[11] -entity part1 was ignored
    Warning (20014): Assignment for entity set_instance_assignment -name IO_STANDARD "3.3-V LVTTL" -to DRAM_ADDR[12] -entity part1 was ignored
    Warning (20014): Assignment for entity set_instance_assignment -name IO_STANDARD "3.3-V LVTTL" -to DRAM_ADDR[1] -entity part1 was ignored
    Warning (20014): Assignment for entity set_instance_assignment -name IO_STANDARD "3.3-V LVTTL" -to DRAM_ADDR[2] -entity part1 was ignored
    Warning (20014): Assignment for entity set_instance_assignment -name IO_STANDARD "3.3-V LVTTL" -to DRAM_ADDR[3] -entity part1 was ignored
    Warning (20014): Assignment for entity set_instance_assignment -name IO_STANDARD "3.3-V LVTTL" -to DRAM_ADDR[4] -entity part1 was ignored
    Warning (20014): Assignment for entity set_instance_assignment -name IO_STANDARD "3.3-V LVTTL" -to DRAM_ADDR[5] -entity part1 was ignored
    Warning (20014): Assignment for entity set_instance_assignment -name IO_STANDARD "3.3-V LVTTL" -to DRAM_ADDR[6] -entity part1 was ignored
    Warning (20014): Assignment for entity set_instance_assignment -name IO_STANDARD "3.3-V LVTTL" -to DRAM_ADDR[7] -entity part1 was ignored
    Warning (20014): Assignment for entity set_instance_assignment -name IO_STANDARD "3.3-V LVTTL" -to DRAM_ADDR[8] -entity part1 was ignored
    Warning (20014): Assignment for entity set_instance_assignment -name IO_STANDARD "3.3-V LVTTL" -to DRAM_ADDR[9] -entity part1 was ignored
    Warning (20014): Assignment for entity set_instance_assignment -name IO_STANDARD "3.3-V LVTTL" -to DRAM_BA[0] -entity part1 was ignored
    Warning (20014): Assignment for entity set_instance_assignment -name IO_STANDARD "3.3-V LVTTL" -to DRAM_BA[1] -entity part1 was ignored
    Warning (20014): Assignment for entity set_instance_assignment -name IO_STANDARD "3.3-V LVTTL" -to DRAM_CAS_N -entity part1 was ignored
    Warning (20014): Assignment for entity set_instance_assignment -name IO_STANDARD "3.3-V LVTTL" -to DRAM_CKE -entity part1 was ignored
    Warning (20014): Assignment for entity set_instance_assignment -name IO_STANDARD "3.3-V LVTTL" -to DRAM_CLK -entity part1 was ignored
    Warning (20014): Assignment for entity set_instance_assignment -name IO_STANDARD "3.3-V LVTTL" -to DRAM_CS_N -entity part1 was ignored
    Warning (20014): Assignment for entity set_instance_assignment -name IO_STANDARD "3.3-V LVTTL" -to DRAM_DQ[0] -entity part1 was ignored
    Warning (20014): Assignment for entity set_instance_assignment -name IO_STANDARD "3.3-V LVTTL" -to DRAM_DQ[10] -entity part1 was ignored
    Warning (20014): Assignment for entity set_instance_assignment -name IO_STANDARD "3.3-V LVTTL" -to DRAM_DQ[11] -entity part1 was ignored
    Warning (20014): Assignment for entity set_instance_assignment -name IO_STANDARD "3.3-V LVTTL" -to DRAM_DQ[12] -entity part1 was ignored
    Warning (20014): Assignment for entity set_instance_assignment -name IO_STANDARD "3.3-V LVTTL" -to DRAM_DQ[13] -entity part1 was ignored
    Warning (20014): Assignment for entity set_instance_assignment -name IO_STANDARD "3.3-V LVTTL" -to DRAM_DQ[14] -entity part1 was ignored
    Warning (20014): Assignment for entity set_instance_assignment -name IO_STANDARD "3.3-V LVTTL" -to DRAM_DQ[15] -entity part1 was ignored
    Warning (20014): Assignment for entity set_instance_assignment -name IO_STANDARD "3.3-V LVTTL" -to DRAM_DQ[1] -entity part1 was ignored
    Warning (20014): Assignment for entity set_instance_assignment -name IO_STANDARD "3.3-V LVTTL" -to DRAM_DQ[2] -entity part1 was ignored
    Warning (20014): Assignment for entity set_instance_assignment -name IO_STANDARD "3.3-V LVTTL" -to DRAM_DQ[3] -entity part1 was ignored
    Warning (20014): Assignment for entity set_instance_assignment -name IO_STANDARD "3.3-V LVTTL" -to DRAM_DQ[4] -entity part1 was ignored
    Warning (20014): Assignment for entity set_instance_assignment -name IO_STANDARD "3.3-V LVTTL" -to DRAM_DQ[5] -entity part1 was ignored
    Warning (20014): Assignment for entity set_instance_assignment -name IO_STANDARD "3.3-V LVTTL" -to DRAM_DQ[6] -entity part1 was ignored
    Warning (20014): Assignment for entity set_instance_assignment -name IO_STANDARD "3.3-V LVTTL" -to DRAM_DQ[7] -entity part1 was ignored
    Warning (20014): Assignment for entity set_instance_assignment -name IO_STANDARD "3.3-V LVTTL" -to DRAM_DQ[8] -entity part1 was ignored
    Warning (20014): Assignment for entity set_instance_assignment -name IO_STANDARD "3.3-V LVTTL" -to DRAM_DQ[9] -entity part1 was ignored
    Warning (20014): Assignment for entity set_instance_assignment -name IO_STANDARD "3.3-V LVTTL" -to DRAM_LDQM -entity part1 was ignored
    Warning (20014): Assignment for entity set_instance_assignment -name IO_STANDARD "3.3-V LVTTL" -to DRAM_RAS_N -entity part1 was ignored
    Warning (20014): Assignment for entity set_instance_assignment -name IO_STANDARD "3.3-V LVTTL" -to DRAM_UDQM -entity part1 was ignored
    Warning (20014): Assignment for entity set_instance_assignment -name IO_STANDARD "3.3-V LVTTL" -to DRAM_WE_N -entity part1 was ignored
    Warning (20014): Assignment for entity set_instance_assignment -name IO_STANDARD "3.3-V LVTTL" -to GPIO[0] -entity part1 was ignored
    Warning (20014): Assignment for entity set_instance_assignment -name IO_STANDARD "3.3-V LVTTL" -to GPIO[10] -entity part1 was ignored
    Warning (20014): Assignment for entity set_instance_assignment -name IO_STANDARD "3.3-V LVTTL" -to GPIO[11] -entity part1 was ignored
    Warning (20014): Assignment for entity set_instance_assignment -name IO_STANDARD "3.3-V LVTTL" -to GPIO[12] -entity part1 was ignored
    Warning (20014): Assignment for entity set_instance_assignment -name IO_STANDARD "3.3-V LVTTL" -to GPIO[13] -entity part1 was ignored
    Warning (20014): Assignment for entity set_instance_assignment -name IO_STANDARD "3.3-V LVTTL" -to GPIO[14] -entity part1 was ignored
    Warning (20014): Assignment for entity set_instance_assignment -name IO_STANDARD "3.3-V LVTTL" -to GPIO[15] -entity part1 was ignored
    Warning (20014): Assignment for entity set_instance_assignment -name IO_STANDARD "3.3-V LVTTL" -to GPIO[16] -entity part1 was ignored
    Warning (20014): Assignment for entity set_instance_assignment -name IO_STANDARD "3.3-V LVTTL" -to GPIO[17] -entity part1 was ignored
    Warning (20014): Assignment for entity set_instance_assignment -name IO_STANDARD "3.3-V LVTTL" -to GPIO[18] -entity part1 was ignored
    Warning (20014): Assignment for entity set_instance_assignment -name IO_STANDARD "3.3-V LVTTL" -to GPIO[19] -entity part1 was ignored
    Warning (20014): Assignment for entity set_instance_assignment -name IO_STANDARD "3.3-V LVTTL" -to GPIO[1] -entity part1 was ignored
    Warning (20014): Assignment for entity set_instance_assignment -name IO_STANDARD "3.3-V LVTTL" -to GPIO[20] -entity part1 was ignored
    Warning (20014): Assignment for entity set_instance_assignment -name IO_STANDARD "3.3-V LVTTL" -to GPIO[21] -entity part1 was ignored
    Warning (20014): Assignment for entity set_instance_assignment -name IO_STANDARD "3.3-V LVTTL" -to GPIO[22] -entity part1 was ignored
    Warning (20014): Assignment for entity set_instance_assignment -name IO_STANDARD "3.3-V LVTTL" -to GPIO[23] -entity part1 was ignored
    Warning (20014): Assignment for entity set_instance_assignment -name IO_STANDARD "3.3-V LVTTL" -to GPIO[24] -entity part1 was ignored
    Warning (20014): Assignment for entity set_instance_assignment -name IO_STANDARD "3.3-V LVTTL" -to GPIO[25] -entity part1 was ignored
    Warning (20014): Assignment for entity set_instance_assignment -name IO_STANDARD "3.3-V LVTTL" -to GPIO[26] -entity part1 was ignored
    Warning (20014): Assignment for entity set_instance_assignment -name IO_STANDARD "3.3-V LVTTL" -to GPIO[27] -entity part1 was ignored
    Warning (20014): Assignment for entity set_instance_assignment -name IO_STANDARD "3.3-V LVTTL" -to GPIO[28] -entity part1 was ignored
    Warning (20014): Assignment for entity set_instance_assignment -name IO_STANDARD "3.3-V LVTTL" -to GPIO[29] -entity part1 was ignored
    Warning (20014): Assignment for entity set_instance_assignment -name IO_STANDARD "3.3-V LVTTL" -to GPIO[2] -entity part1 was ignored
    Warning (20014): Assignment for entity set_instance_assignment -name IO_STANDARD "3.3-V LVTTL" -to GPIO[30] -entity part1 was ignored
    Warning (20014): Assignment for entity set_instance_assignment -name IO_STANDARD "3.3-V LVTTL" -to GPIO[31] -entity part1 was ignored
    Warning (20014): Assignment for entity set_instance_assignment -name IO_STANDARD "3.3-V LVTTL" -to GPIO[32] -entity part1 was ignored
    Warning (20014): Assignment for entity set_instance_assignment -name IO_STANDARD "3.3-V LVTTL" -to GPIO[33] -entity part1 was ignored
    Warning (20014): Assignment for entity set_instance_assignment -name IO_STANDARD "3.3-V LVTTL" -to GPIO[34] -entity part1 was ignored
    Warning (20014): Assignment for entity set_instance_assignment -name IO_STANDARD "3.3-V LVTTL" -to GPIO[35] -entity part1 was ignored
    Warning (20014): Assignment for entity set_instance_assignment -name IO_STANDARD "3.3-V LVTTL" -to GPIO[3] -entity part1 was ignored
    Warning (20014): Assignment for entity set_instance_assignment -name IO_STANDARD "3.3-V LVTTL" -to GPIO[4] -entity part1 was ignored
    Warning (20014): Assignment for entity set_instance_assignment -name IO_STANDARD "3.3-V LVTTL" -to GPIO[5] -entity part1 was ignored
    Warning (20014): Assignment for entity set_instance_assignment -name IO_STANDARD "3.3-V LVTTL" -to GPIO[6] -entity part1 was ignored
    Warning (20014): Assignment for entity set_instance_assignment -name IO_STANDARD "3.3-V LVTTL" -to GPIO[7] -entity part1 was ignored
    Warning (20014): Assignment for entity set_instance_assignment -name IO_STANDARD "3.3-V LVTTL" -to GPIO[8] -entity part1 was ignored
    Warning (20014): Assignment for entity set_instance_assignment -name IO_STANDARD "3.3-V LVTTL" -to GPIO[9] -entity part1 was ignored
    Warning (20014): Assignment for entity set_instance_assignment -name IO_STANDARD "3.3-V LVTTL" -to G_SENSOR_CS_N -entity part1 was ignored
    Warning (20014): Assignment for entity set_instance_assignment -name IO_STANDARD "3.3-V LVTTL" -to G_SENSOR_INT[1] -entity part1 was ignored
    Warning (20014): Assignment for entity set_instance_assignment -name IO_STANDARD "3.3-V LVTTL" -to G_SENSOR_INT[2] -entity part1 was ignored
    Warning (20014): Assignment for entity set_instance_assignment -name IO_STANDARD "3.3-V LVTTL" -to G_SENSOR_SCLK -entity part1 was ignored
    Warning (20014): Assignment for entity set_instance_assignment -name IO_STANDARD "3.3-V LVTTL" -to G_SENSOR_SDI -entity part1 was ignored
    Warning (20014): Assignment for entity set_instance_assignment -name IO_STANDARD "3.3-V LVTTL" -to G_SENSOR_SDO -entity part1 was ignored
    Warning (20014): Assignment for entity set_instance_assignment -name IO_STANDARD "3.3-V LVTTL" -to HEX0[0] -entity part1 was ignored
    Warning (20014): Assignment for entity set_instance_assignment -name IO_STANDARD "3.3-V LVTTL" -to HEX0[1] -entity part1 was ignored
    Warning (20014): Assignment for entity set_instance_assignment -name IO_STANDARD "3.3-V LVTTL" -to HEX0[2] -entity part1 was ignored
    Warning (20014): Assignment for entity set_instance_assignment -name IO_STANDARD "3.3-V LVTTL" -to HEX0[3] -entity part1 was ignored
    Warning (20014): Assignment for entity set_instance_assignment -name IO_STANDARD "3.3-V LVTTL" -to HEX0[4] -entity part1 was ignored
    Warning (20014): Assignment for entity set_instance_assignment -name IO_STANDARD "3.3-V LVTTL" -to HEX0[5] -entity part1 was ignored
    Warning (20014): Assignment for entity set_instance_assignment -name IO_STANDARD "3.3-V LVTTL" -to HEX0[6] -entity part1 was ignored
    Warning (20014): Assignment for entity set_instance_assignment -name IO_STANDARD "3.3-V LVTTL" -to HEX0[7] -entity part1 was ignored
    Warning (20014): Assignment for entity set_instance_assignment -name IO_STANDARD "3.3-V LVTTL" -to HEX1[0] -entity part1 was ignored
    Warning (20014): Assignment for entity set_instance_assignment -name IO_STANDARD "3.3-V LVTTL" -to HEX1[1] -entity part1 was ignored
    Warning (20014): Assignment for entity set_instance_assignment -name IO_STANDARD "3.3-V LVTTL" -to HEX1[2] -entity part1 was ignored
    Warning (20014): Assignment for entity set_instance_assignment -name IO_STANDARD "3.3-V LVTTL" -to HEX1[3] -entity part1 was ignored
    Warning (20014): Assignment for entity set_instance_assignment -name IO_STANDARD "3.3-V LVTTL" -to HEX1[4] -entity part1 was ignored
    Warning (20014): Assignment for entity set_instance_assignment -name IO_STANDARD "3.3-V LVTTL" -to HEX1[5] -entity part1 was ignored
    Warning (20014): Assignment for entity set_instance_assignment -name IO_STANDARD "3.3-V LVTTL" -to HEX1[6] -entity part1 was ignored
    Warning (20014): Assignment for entity set_instance_assignment -name IO_STANDARD "3.3-V LVTTL" -to HEX1[7] -entity part1 was ignored
    Warning (20014): Assignment for entity set_instance_assignment -name IO_STANDARD "3.3-V LVTTL" -to HEX2[0] -entity part1 was ignored
    Warning (20014): Assignment for entity set_instance_assignment -name IO_STANDARD "3.3-V LVTTL" -to HEX2[1] -entity part1 was ignored
    Warning (20014): Assignment for entity set_instance_assignment -name IO_STANDARD "3.3-V LVTTL" -to HEX2[2] -entity part1 was ignored
    Warning (20014): Assignment for entity set_instance_assignment -name IO_STANDARD "3.3-V LVTTL" -to HEX2[3] -entity part1 was ignored
    Warning (20014): Assignment for entity set_instance_assignment -name IO_STANDARD "3.3-V LVTTL" -to HEX2[4] -entity part1 was ignored
    Warning (20014): Assignment for entity set_instance_assignment -name IO_STANDARD "3.3-V LVTTL" -to HEX2[5] -entity part1 was ignored
    Warning (20014): Assignment for entity set_instance_assignment -name IO_STANDARD "3.3-V LVTTL" -to HEX2[6] -entity part1 was ignored
    Warning (20014): Assignment for entity set_instance_assignment -name IO_STANDARD "3.3-V LVTTL" -to HEX2[7] -entity part1 was ignored
    Warning (20014): Assignment for entity set_instance_assignment -name IO_STANDARD "3.3-V LVTTL" -to HEX3[0] -entity part1 was ignored
    Warning (20014): Assignment for entity set_instance_assignment -name IO_STANDARD "3.3-V LVTTL" -to HEX3[1] -entity part1 was ignored
    Warning (20014): Assignment for entity set_instance_assignment -name IO_STANDARD "3.3-V LVTTL" -to HEX3[2] -entity part1 was ignored
    Warning (20014): Assignment for entity set_instance_assignment -name IO_STANDARD "3.3-V LVTTL" -to HEX3[3] -entity part1 was ignored
    Warning (20014): Assignment for entity set_instance_assignment -name IO_STANDARD "3.3-V LVTTL" -to HEX3[4] -entity part1 was ignored
    Warning (20014): Assignment for entity set_instance_assignment -name IO_STANDARD "3.3-V LVTTL" -to HEX3[5] -entity part1 was ignored
    Warning (20014): Assignment for entity set_instance_assignment -name IO_STANDARD "3.3-V LVTTL" -to HEX3[6] -entity part1 was ignored
    Warning (20014): Assignment for entity set_instance_assignment -name IO_STANDARD "3.3-V LVTTL" -to HEX3[7] -entity part1 was ignored
    Warning (20014): Assignment for entity set_instance_assignment -name IO_STANDARD "3.3-V LVTTL" -to HEX4[0] -entity part1 was ignored
    Warning (20014): Assignment for entity set_instance_assignment -name IO_STANDARD "3.3-V LVTTL" -to HEX4[1] -entity part1 was ignored
    Warning (20014): Assignment for entity set_instance_assignment -name IO_STANDARD "3.3-V LVTTL" -to HEX4[2] -entity part1 was ignored
    Warning (20014): Assignment for entity set_instance_assignment -name IO_STANDARD "3.3-V LVTTL" -to HEX4[3] -entity part1 was ignored
    Warning (20014): Assignment for entity set_instance_assignment -name IO_STANDARD "3.3-V LVTTL" -to HEX4[4] -entity part1 was ignored
    Warning (20014): Assignment for entity set_instance_assignment -name IO_STANDARD "3.3-V LVTTL" -to HEX4[5] -entity part1 was ignored
    Warning (20014): Assignment for entity set_instance_assignment -name IO_STANDARD "3.3-V LVTTL" -to HEX4[6] -entity part1 was ignored
    Warning (20014): Assignment for entity set_instance_assignment -name IO_STANDARD "3.3-V LVTTL" -to HEX4[7] -entity part1 was ignored
    Warning (20014): Assignment for entity set_instance_assignment -name IO_STANDARD "3.3-V LVTTL" -to HEX5[0] -entity part1 was ignored
    Warning (20014): Assignment for entity set_instance_assignment -name IO_STANDARD "3.3-V LVTTL" -to HEX5[1] -entity part1 was ignored
    Warning (20014): Assignment for entity set_instance_assignment -name IO_STANDARD "3.3-V LVTTL" -to HEX5[2] -entity part1 was ignored
    Warning (20014): Assignment for entity set_instance_assignment -name IO_STANDARD "3.3-V LVTTL" -to HEX5[3] -entity part1 was ignored
    Warning (20014): Assignment for entity set_instance_assignment -name IO_STANDARD "3.3-V LVTTL" -to HEX5[4] -entity part1 was ignored
    Warning (20014): Assignment for entity set_instance_assignment -name IO_STANDARD "3.3-V LVTTL" -to HEX5[5] -entity part1 was ignored
    Warning (20014): Assignment for entity set_instance_assignment -name IO_STANDARD "3.3-V LVTTL" -to HEX5[6] -entity part1 was ignored
    Warning (20014): Assignment for entity set_instance_assignment -name IO_STANDARD "3.3-V LVTTL" -to HEX5[7] -entity part1 was ignored
    Warning (20014): Assignment for entity set_instance_assignment -name IO_STANDARD "3.3 V SCHMITT TRIGGER" -to KEY[0] -entity part1 was ignored
    Warning (20014): Assignment for entity set_instance_assignment -name IO_STANDARD "3.3 V SCHMITT TRIGGER" -to KEY[1] -entity part1 was ignored
    Warning (20014): Assignment for entity set_instance_assignment -name IO_STANDARD "3.3-V LVTTL" -to LEDR[0] -entity part1 was ignored
    Warning (20014): Assignment for entity set_instance_assignment -name IO_STANDARD "3.3-V LVTTL" -to LEDR[1] -entity part1 was ignored
    Warning (20014): Assignment for entity set_instance_assignment -name IO_STANDARD "3.3-V LVTTL" -to LEDR[2] -entity part1 was ignored
    Warning (20014): Assignment for entity set_instance_assignment -name IO_STANDARD "3.3-V LVTTL" -to LEDR[3] -entity part1 was ignored
    Warning (20014): Assignment for entity set_instance_assignment -name IO_STANDARD "3.3-V LVTTL" -to LEDR[4] -entity part1 was ignored
    Warning (20014): Assignment for entity set_instance_assignment -name IO_STANDARD "3.3-V LVTTL" -to LEDR[5] -entity part1 was ignored
    Warning (20014): Assignment for entity set_instance_assignment -name IO_STANDARD "3.3-V LVTTL" -to LEDR[6] -entity part1 was ignored
    Warning (20014): Assignment for entity set_instance_assignment -name IO_STANDARD "3.3-V LVTTL" -to LEDR[7] -entity part1 was ignored
    Warning (20014): Assignment for entity set_instance_assignment -name IO_STANDARD "3.3-V LVTTL" -to LEDR[8] -entity part1 was ignored
    Warning (20014): Assignment for entity set_instance_assignment -name IO_STANDARD "3.3-V LVTTL" -to LEDR[9] -entity part1 was ignored
    Warning (20014): Assignment for entity set_instance_assignment -name IO_STANDARD "3.3-V LVTTL" -to SW[0] -entity part1 was ignored
    Warning (20014): Assignment for entity set_instance_assignment -name IO_STANDARD "3.3-V LVTTL" -to SW[1] -entity part1 was ignored
    Warning (20014): Assignment for entity set_instance_assignment -name IO_STANDARD "3.3-V LVTTL" -to SW[2] -entity part1 was ignored
    Warning (20014): Assignment for entity set_instance_assignment -name IO_STANDARD "3.3-V LVTTL" -to SW[3] -entity part1 was ignored
    Warning (20014): Assignment for entity set_instance_assignment -name IO_STANDARD "3.3-V LVTTL" -to SW[4] -entity part1 was ignored
    Warning (20014): Assignment for entity set_instance_assignment -name IO_STANDARD "3.3-V LVTTL" -to SW[5] -entity part1 was ignored
    Warning (20014): Assignment for entity set_instance_assignment -name IO_STANDARD "3.3-V LVTTL" -to SW[6] -entity part1 was ignored
    Warning (20014): Assignment for entity set_instance_assignment -name IO_STANDARD "3.3-V LVTTL" -to SW[7] -entity part1 was ignored
    Warning (20014): Assignment for entity set_instance_assignment -name IO_STANDARD "3.3-V LVTTL" -to SW[8] -entity part1 was ignored
    Warning (20014): Assignment for entity set_instance_assignment -name IO_STANDARD "3.3-V LVTTL" -to SW[9] -entity part1 was ignored
    Warning (20014): Assignment for entity set_instance_assignment -name IO_STANDARD "3.3-V LVTTL" -to VGA_B[0] -entity part1 was ignored
    Warning (20014): Assignment for entity set_instance_assignment -name IO_STANDARD "3.3-V LVTTL" -to VGA_B[1] -entity part1 was ignored
    Warning (20014): Assignment for entity set_instance_assignment -name IO_STANDARD "3.3-V LVTTL" -to VGA_B[2] -entity part1 was ignored
    Warning (20014): Assignment for entity set_instance_assignment -name IO_STANDARD "3.3-V LVTTL" -to VGA_B[3] -entity part1 was ignored
    Warning (20014): Assignment for entity set_instance_assignment -name IO_STANDARD "3.3-V LVTTL" -to VGA_G[0] -entity part1 was ignored
    Warning (20014): Assignment for entity set_instance_assignment -name IO_STANDARD "3.3-V LVTTL" -to VGA_G[1] -entity part1 was ignored
    Warning (20014): Assignment for entity set_instance_assignment -name IO_STANDARD "3.3-V LVTTL" -to VGA_G[2] -entity part1 was ignored
    Warning (20014): Assignment for entity set_instance_assignment -name IO_STANDARD "3.3-V LVTTL" -to VGA_G[3] -entity part1 was ignored
    Warning (20014): Assignment for entity set_instance_assignment -name IO_STANDARD "3.3-V LVTTL" -to VGA_HS -entity part1 was ignored
    Warning (20014): Assignment for entity set_instance_assignment -name IO_STANDARD "3.3-V LVTTL" -to VGA_R[0] -entity part1 was ignored
    Warning (20014): Assignment for entity set_instance_assignment -name IO_STANDARD "3.3-V LVTTL" -to VGA_R[1] -entity part1 was ignored
    Warning (20014): Assignment for entity set_instance_assignment -name IO_STANDARD "3.3-V LVTTL" -to VGA_R[2] -entity part1 was ignored
    Warning (20014): Assignment for entity set_instance_assignment -name IO_STANDARD "3.3-V LVTTL" -to VGA_R[3] -entity part1 was ignored
    Warning (20014): Assignment for entity set_instance_assignment -name IO_STANDARD "3.3-V LVTTL" -to VGA_VS -entity part1 was ignored
    Warning (20014): Assignment for entity set_instance_assignment -name PARTITION_HIERARCHY root_partition -to | -entity part1 -section_id Top was ignored
    Warning (20014): Assignment for entity set_global_assignment -name PARTITION_NETLIST_TYPE SOURCE -entity part1 -section_id Top was ignored
    Warning (20014): Assignment for entity set_global_assignment -name PARTITION_FITTER_PRESERVATION_LEVEL PLACEMENT_AND_ROUTING -entity part1 -section_id Top was ignored
    Warning (20014): Assignment for entity set_global_assignment -name PARTITION_PRESERVE_HIGH_SPEED_TILES ON -entity part1 -section_id Top was ignored
    Warning (20014): Assignment for entity set_global_assignment -name PARTITION_IGNORE_SOURCE_FILE_CHANGES OFF -entity part1 -section_id Top was ignored
    Warning (20014): Assignment for entity set_global_assignment -name PARTITION_ALWAYS_USE_QXP_NETLIST OFF -entity part1 -section_id Top was ignored
    Warning (20014): Assignment for entity set_global_assignment -name PARTITION_COLOR 16764057 -entity part1 -section_id Top was ignored
    Warning (20014): Assignment for entity set_global_assignment -name PARTITION_IMPORT_ASSIGNMENTS ON -entity part1 -section_id Top was ignored
    Warning (20014): Assignment for entity set_global_assignment -name PARTITION_IMPORT_EXISTING_ASSIGNMENTS REPLACE_CONFLICTING -entity part1 -section_id Top was ignored
    Warning (20014): Assignment for entity set_global_assignment -name PARTITION_IMPORT_EXISTING_LOGICLOCK_REGIONS UPDATE_CONFLICTING -entity part1 -section_id Top was ignored
    Warning (20014): Assignment for entity set_global_assignment -name PARTITION_IMPORT_PIN_ASSIGNMENTS ON -entity part1 -section_id Top was ignored
    Warning (20014): Assignment for entity set_global_assignment -name PARTITION_IMPORT_PROMOTE_ASSIGNMENTS ON -entity part1 -section_id Top was ignored
    Warning (20014): Assignment for entity set_global_assignment -name PARTITION_TYPE STANDARD_PARTITION -entity part1 -section_id Top was ignored
    Warning (20014): Assignment for entity set_global_assignment -name ALLOW_MULTIPLE_PERSONAS OFF -entity part1 -section_id Top was ignored
    Warning (20014): Assignment for entity set_global_assignment -name PARTITION_ASD_REGION_ID 1 -entity part1 -section_id Top was ignored
    Warning (20014): Assignment for entity set_global_assignment -name CROSS_BOUNDARY_OPTIMIZATIONS OFF -entity part1 -section_id Top was ignored
    Warning (20014): Assignment for entity set_global_assignment -name PROPAGATE_CONSTANTS_ON_INPUTS ON -entity part1 -section_id Top was ignored
    Warning (20014): Assignment for entity set_global_assignment -name PROPAGATE_INVERSIONS_ON_INPUTS ON -entity part1 -section_id Top was ignored
    Warning (20014): Assignment for entity set_global_assignment -name REMOVE_LOGIC_ON_UNCONNECTED_OUTPUTS ON -entity part1 -section_id Top was ignored
    Warning (20014): Assignment for entity set_global_assignment -name MERGE_EQUIVALENT_INPUTS ON -entity part1 -section_id Top was ignored
    Warning (20014): Assignment for entity set_global_assignment -name MERGE_EQUIVALENT_BIDIRS ON -entity part1 -section_id Top was ignored
    Warning (20014): Assignment for entity set_global_assignment -name ABSORB_PATHS_FROM_OUTPUTS_TO_INPUTS ON -entity part1 -section_id Top was ignored
    Warning (20014): Assignment for entity set_global_assignment -name PARTITION_EXTRACT_HARD_BLOCK_NODES ON -entity part1 -section_id Top was ignored
    Warning (20014): Assignment for entity set_global_assignment -name PARTITION_ENABLE_STRICT_PRESERVATION OFF -entity part1 -section_id Top was ignored
Info (16010): Generating hard_block partition "hard_block:auto_generated_inst"
    Info (16011): Adding 0 node(s), including 0 DDIO, 0 PLL, 0 transceiver and 0 LCELL
Warning (21074): Design contains 1 input pin(s) that do not drive logic
    Warning (15610): No output dependent on input pin "KEY[1]" File: C:/Users/praga/OneDrive/Dokumenter/Skole/NTNU 2016-/Electrical engineering - NTNU/Semester 5 - 2020/TELE2010/temp/t2/RTC.vhd Line: 16
Info (21057): Implemented 344 device resources after synthesis - the final resource count might be different
    Info (21058): Implemented 3 input pins
    Info (21059): Implemented 40 output pins
    Info (21061): Implemented 301 logic cells
Info: Quartus Prime Analysis & Synthesis was successful. 0 errors, 232 warnings
    Info: Peak virtual memory: 4821 megabytes
    Info: Processing ended: Thu Nov 05 15:50:47 2020
    Info: Elapsed time: 00:00:17
    Info: Total CPU time (on all processors): 00:00:30


